{"/Users/asia/Documents/Learning/React_advanced_UlbuTV/product_project/src/shared/lib/classNames/classNames.ts": {"path":"/Users/asia/Documents/Learning/React_advanced_UlbuTV/product_project/src/shared/lib/classNames/classNames.ts","statementMap":{"0":{"start":{"line":3,"column":18},"end":{"line":15,"column":1}},"1":{"start":{"line":8,"column":4},"end":{"line":14,"column":16}},"2":{"start":{"line":12,"column":44},"end":{"line":12,"column":51}},"3":{"start":{"line":13,"column":34},"end":{"line":13,"column":43}},"4":{"start":{"line":3,"column":13},"end":{"line":3,"column":18}}},"fnMap":{"0":{"name":"(anonymous_0)","decl":{"start":{"line":3,"column":18},"end":{"line":3,"column":null}},"loc":{"start":{"line":7,"column":12},"end":{"line":15,"column":1}}},"1":{"name":"(anonymous_1)","decl":{"start":{"line":12,"column":20},"end":{"line":12,"column":21}},"loc":{"start":{"line":12,"column":44},"end":{"line":12,"column":51}}},"2":{"name":"(anonymous_2)","decl":{"start":{"line":13,"column":17},"end":{"line":13,"column":18}},"loc":{"start":{"line":13,"column":34},"end":{"line":13,"column":43}}}},"branchMap":{"0":{"loc":{"start":{"line":5,"column":4},"end":{"line":5,"column":19}},"type":"default-arg","locations":[{"start":{"line":5,"column":17},"end":{"line":5,"column":19}}]},"1":{"loc":{"start":{"line":6,"column":4},"end":{"line":6,"column":55}},"type":"default-arg","locations":[{"start":{"line":6,"column":53},"end":{"line":6,"column":55}}]}},"s":{"0":1,"1":5,"2":6,"3":4,"4":1},"f":{"0":5,"1":6,"2":4},"b":{"0":[1],"1":[1]}}
}
